{
  "timestamp": "2025-08-20 06:11:23 UTC",
  "overall_passed": true,
  "overall_score": 0.8916666666666666,
  "gates_passed": 3,
  "total_gates": 4,
  "gate_results": [
    {
      "passed": false,
      "score": 0.6666666666666666,
      "details": {
        "total_tests": 18,
        "passed_tests": 12,
        "estimated_coverage": 0.8372093023255814
      },
      "output": "Simple Test Runner - HE-Graph-Embeddings\n==================================================\nRunning tests in test_core.py...\nFailed to instantiate TestBasicSecurity: 'method' object has no attribute '__name__'\nFailed to instantiate TestBasicSecurity: 'method' object has no attribute '__name__'\nFailed to instantiate TestSystemRequirements: 'method' object has no attribute '__name__'\nFailed to instantiate TestSystemRequirements: 'method' object has no attribute '__name__'\nFailed to instantiate TestSystemRequirements: 'method' object has no attribute '__name__'\n  test_basic_python_functionality: PASS (0.000s)\n  test_environment_info: PASS (0.000s)\n  test_error_handling: PASS (0.000s)\n  test_file_system_access: PASS (0.000s)\n  test_imports_without_external_deps: PASS (0.021s)\n  test_json_operations: PASS (0.000s)\n  test_logging_functionality: PASS (0.000s)\nRunning tests in test_imports.py...\nFailed to instantiate TestBasicFunctionality: 'method' object has no attribute '__name__'\nFailed to instantiate TestBasicFunctionality: 'method' object has no attribute '__name__'\nFailed to instantiate TestBasicFunctionality: 'method' object has no attribute '__name__'\n  test_api_structure: FAIL (0.076s)\n    Error: API structure test failed: No module named 'fastapi'\n  test_error_handling: PASS (0.007s)\n{\"timestamp\": \"2025-08-20T06:11:21.602206Z\", \"level\": \"INFO\", \"logger\": \"test\", \"message\": \"Test log message\", \"module\": \"logging\", \"function\": \"_log_with_context\", \"line\": 142}\n{\"timestamp\": \"2025-08-20T06:11:21.602394Z\", \"level\": \"INFO\", \"logger\": \"test\", \"message\": \"Test log message\", \"module\": \"logging\", \"function\": \"_log_with_context\", \"line\": 142}\n  test_logger_functionality: PASS (0.007s)\n  test_monitoring_imports: FAIL (0.007s)\n    Error: Monitoring imports failed: No module named 'psutil'\n  test_utils_imports: FAIL (0.006s)\n    Error: Utils imports failed: No module named 'torch'\n  test_validation_utilities: FAIL (0.001s)\n    Error: Validation utilities failed: No module named 'torch'\nRunning tests in test_security.py...\nFailed to instantiate TestSecurity: 'method' object has no attribute '__name__'\nFailed to instantiate TestSecurity: 'method' object has no attribute '__name__'\n  test_audit_logging: FAIL (0.000s)\n    Error: Audit logging test failed: \n  test_no_hardcoded_secrets: PASS (0.001s)\n  test_security_config_exists: PASS (0.000s)\n  test_security_error_handling: PASS (0.000s)\n  test_security_modules_import: FAIL (0.000s)\n    Error: Security module imports failed: No module named 'security'\nRunning tests in test_quantum_optimization_engine.py...\nFailed to load /root/repo/tests/breakthrough/test_quantum_optimization_engine.py: No module named 'pytest'\nRunning tests in test_api_endpoints.py...\nFailed to load /root/repo/tests/integration/test_api_endpoints.py: No module named 'pytest'\nRunning tests in test_full_pipeline.py...\nFailed to load /root/repo/tests/integration/test_full_pipeline.py: No module named 'pytest'\nRunning tests in test_benchmarks.py...\nFailed to load /root/repo/tests/performance/test_benchmarks.py: No module named 'pytest'\nRunning tests in test_load_testing.py...\nFailed to load /root/repo/tests/performance/test_load_testing.py: No module named 'pytest'\nRunning tests in test_quantum_resource_manager.py...\nFailed to load /root/repo/tests/quantum/test_quantum_resource_manager.py: No module named 'pytest'\nRunning tests in test_quantum_task_planner.py...\nFailed to load /root/repo/tests/quantum/test_quantum_task_planner.py: No module named 'pytest'\nRunning tests in test_ckks_context.py...\nFailed to load /root/repo/tests/unit/test_ckks_context.py: No module named 'pytest'\nRunning tests in test_he_models.py...\nFailed to load /root/repo/tests/unit/test_he_models.py: No module named 'pytest'\n\n==================================================\nTEST SUMMARY\n==================================================\nTest Suites: 12\nTotal Tests: 18\nPassed: 12\nFailed: 6\nSuccess Rate: 66.7%\nTotal Duration: 0.127s\nEstimated Coverage: 83.7%\n\nFAILED TESTS:\n  test_imports.py::test_api_structure\n    API structure test failed: No module named 'fastapi'\n  test_imports.py::test_monitoring_imports\n    Monitoring imports failed: No module named 'psutil'\n  test_imports.py::test_utils_imports\n    Utils imports failed: No module named 'torch'\n  test_imports.py::test_validation_utilities\n    Validation utilities failed: No module named 'torch'\n  test_security.py::test_audit_logging\n    Audit logging test failed: \n  test_security.py::test_security_modules_import\n    Security module imports failed: No module named 'security'\n\nResults saved to basic_test_results.json\n\n\u274c TESTS FAILED: 6 test(s) failed\n",
      "duration": 0.3491239547729492,
      "name": "Basic Tests"
    },
    {
      "passed": true,
      "score": 0.9,
      "details": {
        "critical": 0,
        "high": 0,
        "medium": 0,
        "low": 0
      },
      "output": "INFO:__main__:Starting security scan scan_1755670281\nINFO:__main__:Security scan completed: 411 findings\nINFO:__main__:Security reports generated: security_reports/security_report_scan_1755670281.json, security_reports/security_report_scan_1755670281.html\n",
      "duration": 1.7930195331573486,
      "name": "Security Scan"
    },
    {
      "passed": true,
      "score": 1.0,
      "details": {
        "missing_docs": [],
        "docstring_coverage": 1.0,
        "files_with_docstrings": 43,
        "total_py_files": 43
      },
      "output": "Documentation score: 1.00",
      "duration": 0.00527644157409668,
      "name": "Documentation"
    },
    {
      "passed": true,
      "score": 1.0,
      "details": {
        "missing_items": [],
        "required_dirs": [
          "src",
          "tests",
          "scripts"
        ],
        "required_files": [
          "setup.py",
          "README.md"
        ]
      },
      "output": "Structure score: 1.00",
      "duration": 0.00028443336486816406,
      "name": "Code Structure"
    }
  ]
}